[2m2025-06-07T04:10:49.634160Z[0m [31mERROR[0m [2mglazewm[0m[2m:[0m Failed to execute 'terminal'.

Error: The operation was canceled by the user. (0x800704C7)
[2m2025-06-09T19:46:02.277417Z[0m [31mERROR[0m [2mglazewm[0m[2m:[0m unknown anchor at line 63 column 14
[2m2025-06-12T04:13:57.776344Z[0m [31mERROR[0m [2mglazewm[0m[2m:[0m Workspace with name '2' doesn't exist or is already active.
[2m2025-06-12T04:14:02.726483Z[0m [31mERROR[0m [2mglazewm[0m[2m:[0m Workspace with name '1' doesn't exist or is already active.
[2m2025-06-12T04:14:04.391199Z[0m [31mERROR[0m [2mglazewm[0m[2m:[0m Workspace with name '4' doesn't exist or is already active.
[2m2025-06-13T07:16:57.324799Z[0m [31mERROR[0m [2mglazewm[0m[2m:[0m Invalid window handle. (0x80070578)
[2m2025-06-19T03:51:39.729199Z[0m [31mERROR[0m [2mglazewm[0m[2m:[0m Access is denied. (0x80070005)
[2m2025-06-27T01:03:13.586875Z[0m [31mERROR[0m [2mglazewm[0m[2m:[0m window_effects.focused_window.border: Color must start with a `#`. at line 62 column 7
[2m2025-06-27T22:00:37.153371Z[0m [31mERROR[0m [2mglazewm[0m[2m:[0m found invalid Unicode character escape code at line 146 column 22, while parsing a quoted scalar at line 146 column 19
[2m2025-06-27T22:00:44.633473Z[0m [31mERROR[0m [2mglazewm[0m[2m:[0m found invalid Unicode character escape code at line 146 column 22, while parsing a quoted scalar at line 146 column 19
[2m2025-07-01T20:38:00.962523Z[0m [31mERROR[0m [2mglazewm[0m[2m:[0m Another instance of the application is already running.
[2m2025-07-19T14:10:53.963309Z[0m [31mERROR[0m [2mglazewm[0m[2m:[0m Another instance of the application is already running.
[2m2025-07-19T21:13:25.439730Z[0m [31mERROR[0m [2mglazewm[0m[2m:[0m channel closed
[2m2025-07-19T21:13:32.433844Z[0m [31mERROR[0m [2mglazewm[0m[2m:[0m channel closed
[2m2025-07-19T21:13:35.492797Z[0m [31mERROR[0m [2mglazewm[0m[2m:[0m channel closed
[2m2025-07-27T22:30:53.843423Z[0m [31mERROR[0m [2mglazewm[0m[2m:[0m Another instance of the application is already running.
[2m2025-07-28T15:32:09.720107Z[0m [31mERROR[0m [2mglazewm[0m[2m:[0m Another instance of the application is already running.
[2m2025-08-02T17:06:10.304987Z[0m [31mERROR[0m [2mglazewm[0m[2m:[0m Another instance of the application is already running.
[2m2025-08-05T15:19:15.209169Z[0m [31mERROR[0m [2mglazewm[0m[2m:[0m Another instance of the application is already running.
[2m2025-08-16T11:31:50.284618Z[0m [31mERROR[0m [2mglazewm[0m[2m:[0m Another instance of the application is already running.
[2m2025-08-18T15:33:42.045021Z[0m [31mERROR[0m [2mglazewm[0m[2m:[0m channel closed
[2m2025-08-18T15:35:44.543855Z[0m [31mERROR[0m [2mglazewm[0m[2m:[0m channel closed
[2m2025-09-18T20:58:37.862206Z[0m [31mERROR[0m [2mglazewm[0m[2m:[0m No common ancestor between containers.
[2m2025-09-18T20:58:39.648019Z[0m [31mERROR[0m [2mglazewm[0m[2m:[0m Window has no workspace.
[2m2025-09-18T20:58:41.023291Z[0m [31mERROR[0m [2mglazewm[0m[2m:[0m Window has no workspace.
[2m2025-09-18T20:58:41.710568Z[0m [31mERROR[0m [2mglazewm[0m[2m:[0m Window has no workspace.
[2m2025-09-18T20:58:42.203091Z[0m [31mERROR[0m [2mglazewm[0m[2m:[0m Window has no workspace.
[2m2025-09-18T20:58:43.289389Z[0m [31mERROR[0m [2mglazewm[0m[2m:[0m Window has no workspace.
[2m2025-09-18T20:58:43.764890Z[0m [31mERROR[0m [2mglazewm[0m[2m:[0m Window has no workspace.
[2m2025-09-18T20:58:43.956536Z[0m [31mERROR[0m [2mglazewm[0m[2m:[0m Window has no workspace.
[2m2025-09-18T20:58:44.118100Z[0m [31mERROR[0m [2mglazewm[0m[2m:[0m Window has no workspace.
[2m2025-09-18T20:58:46.504879Z[0m [31mERROR[0m [2mglazewm[0m[2m:[0m Window has no workspace.
[2m2025-09-18T20:58:48.408464Z[0m [31mERROR[0m [2mglazewm[0m[2m:[0m Window has no workspace.
[2m2025-09-18T20:58:48.725561Z[0m [31mERROR[0m [2mglazewm[0m[2m:[0m Window has no workspace.
[2m2025-09-18T20:58:48.904175Z[0m [31mERROR[0m [2mglazewm[0m[2m:[0m Window has no workspace.
[2m2025-09-18T20:58:49.061197Z[0m [31mERROR[0m [2mglazewm[0m[2m:[0m Window has no workspace.
[2m2025-09-18T20:58:49.704551Z[0m [31mERROR[0m [2mglazewm[0m[2m:[0m Window has no workspace.
[2m2025-09-18T20:58:49.840168Z[0m [31mERROR[0m [2mglazewm[0m[2m:[0m Window has no workspace.
[2m2025-09-18T20:58:50.023602Z[0m [31mERROR[0m [2mglazewm[0m[2m:[0m Window has no workspace.
[2m2025-09-18T20:58:50.197965Z[0m [31mERROR[0m [2mglazewm[0m[2m:[0m Window has no workspace.
[2m2025-09-18T20:58:51.042020Z[0m [31mERROR[0m [2mglazewm[0m[2m:[0m Window has no workspace.
[2m2025-09-18T20:58:51.275769Z[0m [31mERROR[0m [2mglazewm[0m[2m:[0m Window has no workspace.
[2m2025-09-18T20:58:51.490980Z[0m [31mERROR[0m [2mglazewm[0m[2m:[0m Window has no workspace.
[2m2025-09-18T20:58:59.691950Z[0m [31mERROR[0m [2mglazewm[0m[2m:[0m Window has no workspace.
[2m2025-09-18T20:59:01.257549Z[0m [31mERROR[0m [2mglazewm[0m[2m:[0m Window has no workspace.
[2m2025-09-18T20:59:02.020236Z[0m [31mERROR[0m [2mglazewm[0m[2m:[0m Window has no workspace.
[2m2025-09-18T20:59:02.229191Z[0m [31mERROR[0m [2mglazewm[0m[2m:[0m Window has no workspace.
[2m2025-09-18T20:59:13.383741Z[0m [31mERROR[0m [2mglazewm[0m[2m:[0m Window has no workspace.
[2m2025-09-25T23:52:30.183740Z[0m [31mERROR[0m [2mglazewm[0m[2m:[0m Another instance of the application is already running.
[2m2025-09-27T20:00:13.383927Z[0m [31mERROR[0m [2mglazewm[0m[2m:[0m Invalid monitor handle. (0x800705B5)
[2m2025-09-27T20:00:28.109863Z[0m [31mERROR[0m [2mglazewm[0m[2m:[0m channel closed
[2m2025-09-27T20:00:29.410948Z[0m [31mERROR[0m [2mglazewm[0m[2m:[0m channel closed
[2m2025-09-27T20:00:31.128814Z[0m [31mERROR[0m [2mglazewm[0m[2m:[0m channel closed
[2m2025-10-07T14:59:45.072556Z[0m [31mERROR[0m [2mglazewm[0m[2m:[0m Another instance of the application is already running.
